Information,3/8/2016 12:58:03 PM,Microsoft-Windows-Security-Auditing,4735,Security Group Management,"A security-enabled local group was changed.

Subject:
	Security ID:		SYSTEM
	Account Name:		WINDOWS-MRT14B2$
	Account Domain:		WORKGROUP
	Logon ID:		0x3E7

Group:
	Security ID:		BUILTIN\Cryptographic Operators
	Group Name:		Cryptographic Operators
	Group Domain:		Builtin

Changed Attributes:
	SAM Account Name:	-
	SID History:		-

Additional Information:
	Privileges:		-"
Information,3/8/2016 12:58:03 PM,Microsoft-Windows-Security-Auditing,4731,Security Group Management,"A security-enabled local group was created.

Subject:
	Security ID:		SYSTEM
	Account Name:		WINDOWS-MRT14B2$
	Account Domain:		WORKGROUP
	Logon ID:		0x3E7

New Group:
	Security ID:		BUILTIN\Cryptographic Operators
	Group Name:		Cryptographic Operators
	Group Domain:		Builtin

Attributes:
	SAM Account Name:	Cryptographic Operators
	SID History:		-

Additional Information:
	Privileges:		-"
Information,3/8/2016 12:58:03 PM,Microsoft-Windows-Security-Auditing,4735,Security Group Management,"A security-enabled local group was changed.

Subject:
	Security ID:		SYSTEM
	Account Name:		WINDOWS-MRT14B2$
	Account Domain:		WORKGROUP
	Logon ID:		0x3E7

Group:
	Security ID:		BUILTIN\Power Users
	Group Name:		Power Users
	Group Domain:		Builtin

Changed Attributes:
	SAM Account Name:	-
	SID History:		-

Additional Information:
	Privileges:		-"
Information,3/8/2016 12:58:03 PM,Microsoft-Windows-Security-Auditing,4731,Security Group Management,"A security-enabled local group was created.

Subject:
	Security ID:		SYSTEM
	Account Name:		WINDOWS-MRT14B2$
	Account Domain:		WORKGROUP
	Logon ID:		0x3E7

New Group:
	Security ID:		BUILTIN\Power Users
	Group Name:		Power Users
	Group Domain:		Builtin

Attributes:
	SAM Account Name:	Power Users
	SID History:		-

Additional Information:
	Privileges:		-"
Information,3/8/2016 12:58:03 PM,Microsoft-Windows-Security-Auditing,4735,Security Group Management,"A security-enabled local group was changed.

Subject:
	Security ID:		SYSTEM
	Account Name:		WINDOWS-MRT14B2$
	Account Domain:		WORKGROUP
	Logon ID:		0x3E7

Group:
	Security ID:		BUILTIN\Network Configuration Operators
	Group Name:		Network Configuration Operators
	Group Domain:		Builtin

Changed Attributes:
	SAM Account Name:	-
	SID History:		-

Additional Information:
	Privileges:		-"
Information,3/8/2016 12:58:03 PM,Microsoft-Windows-Security-Auditing,4731,Security Group Management,"A security-enabled local group was created.

Subject:
	Security ID:		SYSTEM
	Account Name:		WINDOWS-MRT14B2$
	Account Domain:		WORKGROUP
	Logon ID:		0x3E7

New Group:
	Security ID:		BUILTIN\Network Configuration Operators
	Group Name:		Network Configuration Operators
	Group Domain:		Builtin

Attributes:
	SAM Account Name:	Network Configuration Operators
	SID History:		-

Additional Information:
	Privileges:		-"
Information,3/8/2016 12:58:03 PM,Microsoft-Windows-Security-Auditing,4735,Security Group Management,"A security-enabled local group was changed.

Subject:
	Security ID:		SYSTEM
	Account Name:		WINDOWS-MRT14B2$
	Account Domain:		WORKGROUP
	Logon ID:		0x3E7

Group:
	Security ID:		BUILTIN\Remote Desktop Users
	Group Name:		Remote Desktop Users
	Group Domain:		Builtin

Changed Attributes:
	SAM Account Name:	-
	SID History:		-

Additional Information:
	Privileges:		-"
Information,3/8/2016 12:58:03 PM,Microsoft-Windows-Security-Auditing,4731,Security Group Management,"A security-enabled local group was created.

Subject:
	Security ID:		SYSTEM
	Account Name:		WINDOWS-MRT14B2$
	Account Domain:		WORKGROUP
	Logon ID:		0x3E7

New Group:
	Security ID:		BUILTIN\Remote Desktop Users
	Group Name:		Remote Desktop Users
	Group Domain:		Builtin

Attributes:
	SAM Account Name:	Remote Desktop Users
	SID History:		-

Additional Information:
	Privileges:		-"
Information,3/8/2016 12:58:03 PM,Microsoft-Windows-Security-Auditing,4735,Security Group Management,"A security-enabled local group was changed.

Subject:
	Security ID:		SYSTEM
	Account Name:		WINDOWS-MRT14B2$
	Account Domain:		WORKGROUP
	Logon ID:		0x3E7

Group:
	Security ID:		BUILTIN\Replicator
	Group Name:		Replicator
	Group Domain:		Builtin

Changed Attributes:
	SAM Account Name:	-
	SID History:		-

Additional Information:
	Privileges:		-"
Information,3/8/2016 12:58:03 PM,Microsoft-Windows-Security-Auditing,4731,Security Group Management,"A security-enabled local group was created.

Subject:
	Security ID:		SYSTEM
	Account Name:		WINDOWS-MRT14B2$
	Account Domain:		WORKGROUP
	Logon ID:		0x3E7

New Group:
	Security ID:		BUILTIN\Replicator
	Group Name:		Replicator
	Group Domain:		Builtin

Attributes:
	SAM Account Name:	Replicator
	SID History:		-

Additional Information:
	Privileges:		-"
Information,3/8/2016 12:58:03 PM,Microsoft-Windows-Security-Auditing,4735,Security Group Management,"A security-enabled local group was changed.

Subject:
	Security ID:		SYSTEM
	Account Name:		WINDOWS-MRT14B2$
	Account Domain:		WORKGROUP
	Logon ID:		0x3E7

Group:
	Security ID:		BUILTIN\Backup Operators
	Group Name:		Backup Operators
	Group Domain:		Builtin

Changed Attributes:
	SAM Account Name:	-
	SID History:		-

Additional Information:
	Privileges:		-"
Information,3/8/2016 12:58:03 PM,Microsoft-Windows-Security-Auditing,4731,Security Group Management,"A security-enabled local group was created.

Subject:
	Security ID:		SYSTEM
	Account Name:		WINDOWS-MRT14B2$
	Account Domain:		WORKGROUP
	Logon ID:		0x3E7

New Group:
	Security ID:		BUILTIN\Backup Operators
	Group Name:		Backup Operators
	Group Domain:		Builtin

Attributes:
	SAM Account Name:	Backup Operators
	SID History:		-

Additional Information:
	Privileges:		-"
Information,3/8/2016 12:58:03 PM,Microsoft-Windows-Security-Auditing,4902,Audit Policy Change,"The Per-user audit policy table was created.

Number of Elements:	0
Policy ID:	0x4673B"
Information,3/8/2016 12:58:02 PM,Microsoft-Windows-Security-Auditing,4624,Logon,"An account was successfully logged on.

Subject:
	Security ID:		NULL SID
	Account Name:		-
	Account Domain:		-
	Logon ID:		0x0

Logon Type:			0

Impersonation Level:		-

New Logon:
	Security ID:		SYSTEM
	Account Name:		SYSTEM
	Account Domain:		NT AUTHORITY
	Logon ID:		0x3E7
	Logon GUID:		{00000000-0000-0000-0000-000000000000}

Process Information:
	Process ID:		0x4
	Process Name:		

Network Information:
	Workstation Name:	-
	Source Network Address:	-
	Source Port:		-

Detailed Authentication Information:
	Logon Process:		-
	Authentication Package:	-
	Transited Services:	-
	Package Name (NTLM only):	-
	Key Length:		0

This event is generated when a logon session is created. It is generated on the computer that was accessed.

The subject fields indicate the account on the local system which requested the logon. This is most commonly a service such as the Server service, or a local process such as Winlogon.exe or Services.exe.

The logon type field indicates the kind of logon that occurred. The most common types are 2 (interactive) and 3 (network).

The New Logon fields indicate the account for whom the new logon was created, i.e. the account that was logged on.

The network fields indicate where a remote logon request originated. Workstation name is not always available and may be left blank in some cases.

The impersonation level field indicates the extent to which a process in the logon session can impersonate.

The authentication information fields provide detailed information about this specific logon request.
	- Logon GUID is a unique identifier that can be used to correlate this event with a KDC event.
	- Transited services indicate which intermediate services have participated in this logon request.
	- Package name indicates which sub-protocol was used among the NTLM protocols.
	- Key length indicates the length of the generated session key. This will be 0 if no session key was requested."
Information,3/8/2016 12:58:02 PM,Microsoft-Windows-Security-Auditing,4608,Security State Change,"Windows is starting up.

This event is logged when LSASS.EXE starts and the auditing subsystem is initialized."
